<?xml version="1.0" encoding="UTF-8"?>
<testng-results ignored="0" total="1" passed="1" failed="0" skipped="0">
  <reporter-output>
  </reporter-output>
  <suite started-at="2022-05-18T19:36:43 IST" name="Default suite" finished-at="2022-05-18T19:37:06 IST" duration-ms="22983">
    <groups>
    </groups>
    <test started-at="2022-05-18T19:36:43 IST" name="Default test" finished-at="2022-05-18T19:37:06 IST" duration-ms="22983">
      <class name="Pom.TestScript1">
        <test-method is-config="true" signature="openapp()[pri:0, instance:Pom.TestScript1@11bd0f3b]" started-at="2022-05-18T19:36:43 IST" name="openapp" finished-at="2022-05-18T19:37:02 IST" duration-ms="19410" status="PASS">
          <reporter-output>
          </reporter-output>
        </test-method> <!-- openapp -->
        <test-method signature="test()[pri:0, instance:Pom.TestScript1@11bd0f3b]" started-at="2022-05-18T19:37:02 IST" name="test" finished-at="2022-05-18T19:37:03 IST" duration-ms="1089" status="PASS">
          <reporter-output>
          </reporter-output>
        </test-method> <!-- test -->
        <test-method is-config="true" signature="closeapp()[pri:0, instance:Pom.TestScript1@11bd0f3b]" started-at="2022-05-18T19:37:03 IST" name="closeapp" finished-at="2022-05-18T19:37:06 IST" duration-ms="2407" status="PASS">
          <reporter-output>
          </reporter-output>
        </test-method> <!-- closeapp -->
      </class> <!-- Pom.TestScript1 -->
    </test> <!-- Default test -->
  </suite> <!-- Default suite -->
</testng-results>
